<?xml version="1.0" encoding="UTF-8"?>
<!-- Generated by org.testng.reporters.JUnitXMLReporter -->
<testsuite ignored="0" hostname="BabyDemon" failures="4" tests="8" name="Test" time="13.311" errors="0" timestamp="2025-02-25T02:17:43 SGT">
  <testcase classname="com.dvops.maven.eclipse.TestLoginPage" name="testDoGetHttpServletRequestHttpServletResponse" time="0.009">
    <failure type="org.opentest4j.AssertionFailedError" message="Not yet implemented">
      <![CDATA[org.opentest4j.AssertionFailedError: Not yet implemented
at org.junit.jupiter.api.AssertionUtils.fail(AssertionUtils.java:38)
at org.junit.jupiter.api.Assertions.fail(Assertions.java:138)
at com.dvops.maven.eclipse.TestLoginPage.testDoGetHttpServletRequestHttpServletResponse(TestLogin.java:85)
at java.base/java.util.ArrayList.forEach(ArrayList.java:1597)
... Removed 25 stack frames]]>
    </failure>
  </testcase> <!-- testDoGetHttpServletRequestHttpServletResponse -->
  <testcase classname="com.dvops.maven.eclipse.TestLoginPage" name="testDoPostHttpServletRequestHttpServletResponse" time="0.001">
    <failure type="org.opentest4j.AssertionFailedError" message="Not yet implemented">
      <![CDATA[org.opentest4j.AssertionFailedError: Not yet implemented
at org.junit.jupiter.api.AssertionUtils.fail(AssertionUtils.java:38)
at org.junit.jupiter.api.Assertions.fail(Assertions.java:138)
at com.dvops.maven.eclipse.TestLoginPage.testDoPostHttpServletRequestHttpServletResponse(TestLogin.java:90)
at java.base/java.util.ArrayList.forEach(ArrayList.java:1597)
... Removed 25 stack frames]]>
    </failure>
  </testcase> <!-- testDoPostHttpServletRequestHttpServletResponse -->
  <testcase classname="com.dvops.maven.eclipse.TestLoginPage" name="testJspPage" time="0.88"/>
  <testcase classname="com.dvops.maven.eclipse.TestLoginPage" name="testServletDoPost90" time="2.014"/>
  <testcase classname="com.dvops.maven.eclipse.TestLogin1" name="testDoGetHttpServletRequestHttpServletResponse" time="0.001">
    <failure type="org.opentest4j.AssertionFailedError" message="Not yet implemented">
      <![CDATA[org.opentest4j.AssertionFailedError: Not yet implemented
at org.junit.jupiter.api.AssertionUtils.fail(AssertionUtils.java:38)
at org.junit.jupiter.api.Assertions.fail(Assertions.java:138)
at com.dvops.maven.eclipse.TestLogin1.testDoGetHttpServletRequestHttpServletResponse(TestLogin1.java:85)
at java.base/java.util.ArrayList.forEach(ArrayList.java:1597)
... Removed 25 stack frames]]>
    </failure>
  </testcase> <!-- testDoGetHttpServletRequestHttpServletResponse -->
  <testcase classname="com.dvops.maven.eclipse.TestLogin1" name="testDoPostHttpServletRequestHttpServletResponse" time="0.0">
    <failure type="org.opentest4j.AssertionFailedError" message="Not yet implemented">
      <![CDATA[org.opentest4j.AssertionFailedError: Not yet implemented
at org.junit.jupiter.api.AssertionUtils.fail(AssertionUtils.java:38)
at org.junit.jupiter.api.Assertions.fail(Assertions.java:138)
at com.dvops.maven.eclipse.TestLogin1.testDoPostHttpServletRequestHttpServletResponse(TestLogin1.java:90)
at java.base/java.util.ArrayList.forEach(ArrayList.java:1597)
... Removed 25 stack frames]]>
    </failure>
  </testcase> <!-- testDoPostHttpServletRequestHttpServletResponse -->
  <testcase classname="com.dvops.maven.eclipse.TestLogin1" name="testJspPage" time="0.019"/>
  <testcase classname="com.dvops.maven.eclipse.TestLogin1" name="testServletDoPost90" time="2.521"/>
</testsuite> <!-- Test -->
